-------------------------------------------------------------------------------
Test set: com.hotel.management.cadastros.quarto.domain.QuartoTest
-------------------------------------------------------------------------------
Tests run: 2, Failures: 0, Errors: 2, Skipped: 0, Time elapsed: 0.056 s <<< FAILURE! -- in com.hotel.management.cadastros.quarto.domain.QuartoTest
com.hotel.management.cadastros.quarto.domain.QuartoTest.dadoInformacoesDeveAtualizarQuartoEManterNaoNulo -- Time elapsed: 0.031 s <<< ERROR!
java.lang.Error: 
Unresolved compilation problem: 
	The method precoPorNoite(Double) in the type Quarto.QuartoBuilder is not applicable for the arguments (Money)

	at com.hotel.management.cadastros.quarto.domain.QuartoTest.dadoInformacoesDeveAtualizarQuartoEManterNaoNulo(QuartoTest.java:29)
	at java.base/java.lang.reflect.Method.invoke(Method.java:580)
	at java.base/java.util.ArrayList.forEach(ArrayList.java:1596)
	at java.base/java.util.ArrayList.forEach(ArrayList.java:1596)

com.hotel.management.cadastros.quarto.domain.QuartoTest.dadaInformacoesDeveCriarUmQuartoNaoNulo -- Time elapsed: 0.003 s <<< ERROR!
java.lang.Error: 
Unresolved compilation problem: 
	The method precoPorNoite(Double) in the type Quarto.QuartoBuilder is not applicable for the arguments (Money)

	at com.hotel.management.cadastros.quarto.domain.QuartoTest.dadaInformacoesDeveCriarUmQuartoNaoNulo(QuartoTest.java:17)
	at java.base/java.lang.reflect.Method.invoke(Method.java:580)
	at java.base/java.util.ArrayList.forEach(ArrayList.java:1596)
	at java.base/java.util.ArrayList.forEach(ArrayList.java:1596)

